[2026-03-05T09:05:13.074320+00:00] ht-rental.INFO: Added new HT inventory {"name":"Baofeng UV5R","admin":"admin"} []
[2026-03-05T09:05:53.362778+00:00] ht-rental.INFO: Added new HT inventory {"name":"Baofeng BF888","admin":"admin"} []
[2026-03-05T09:06:25.839480+00:00] ht-rental.INFO: Added new HT inventory {"name":"Berlin UV5","admin":"admin"} []
[2026-03-05T09:07:21.362195+00:00] ht-rental.INFO: Rental processed {"customer":"AndiS","amount":100000.0} []
[2026-03-05T09:08:26.342898+00:00] ht-rental.INFO: Item Returned {"rental_id":1,"item":"Baofeng BF888"} []
[2026-03-05T09:08:59.283764+00:00] ht-rental.INFO: Updated HT stock {"item_id":3,"qty_added":1} []
[2026-03-05T09:09:18.809471+00:00] ht-rental.INFO: Updated HT stock {"item_id":3,"qty_added":9} []
[2026-03-05T09:09:54.429182+00:00] ht-rental.INFO: Rental processed {"customer":"lukiman","amount":150000.0} []
[2026-03-05T09:11:20.606542+00:00] ht-rental.INFO: Rental processed {"customer":"broku","amount":300000.0} []
[2026-03-05T09:12:45.119343+00:00] ht-rental.INFO: Item Returned {"rental_id":3,"item":"Baofeng BF888"} []
[2026-03-05T09:12:47.416753+00:00] ht-rental.INFO: Item Returned {"rental_id":2,"item":"Berlin UV5"} []
[2026-03-05T09:12:58.033805+00:00] ht-rental.INFO: Updated HT stock {"item_id":2,"qty_added":5} []
[2026-03-05T09:15:38.346036+00:00] ht-rental.INFO: Updated HT stock {"item_id":3,"qty_added":1} []
[2026-03-05T09:15:40.096922+00:00] ht-rental.INFO: Updated HT stock {"item_id":2,"qty_added":1} []
[2026-03-05T09:15:41.696340+00:00] ht-rental.INFO: Updated HT stock {"item_id":1,"qty_added":1} []
[2026-03-05T09:28:37.525872+00:00] ht-rental.INFO: Rental processed {"customer":"Tesst","amount":10000.0} []
[2026-03-05T09:28:37.529603+00:00] ht-rental.INFO: Rental processed {"customer":"Tesst","amount":10000.0} []
[2026-03-05T09:28:37.530745+00:00] ht-rental.INFO: Rental processed {"customer":"Tesst","amount":15000.0} []
[2026-03-05T09:28:45.739996+00:00] ht-rental.INFO: Item Returned {"rental_id":6,"item":"Berlin UV5"} []
[2026-03-05T09:28:47.845797+00:00] ht-rental.INFO: Item Returned {"rental_id":5,"item":"Baofeng BF888"} []
[2026-03-05T09:28:49.098180+00:00] ht-rental.INFO: Item Returned {"rental_id":4,"item":"Baofeng UV5R"} []
[2026-03-05T09:34:51.840646+00:00] ht-rental.INFO: Deleted HT from inventory {"item_id":1} []
